<?xml version="1.0" encoding="UTF-8"?>
<testsuite xmlns:xsi="http://www.w3.org/2001/XMLSchema-instance" xsi:noNamespaceSchemaLocation="https://maven.apache.org/surefire/maven-surefire-plugin/xsd/surefire-test-report-3.0.xsd" version="3.0" name="com.investmentcalc.FinalInvestmentEngineTest" time="0.038" tests="6" errors="0" skipped="0" failures="0">
  <properties>
    <property name="java.specification.version" value="25"/>
    <property name="sun.jnu.encoding" value="UTF-8"/>
    <property name="java.class.path" value="/Users/dragosvrabie/InvestmentCalc/investment-calculator/target/test-classes:/Users/dragosvrabie/InvestmentCalc/investment-calculator/target/classes:/Users/dragosvrabie/.m2/repository/org/jfree/jfreechart/1.5.3/jfreechart-1.5.3.jar:/Users/dragosvrabie/.m2/repository/org/jfree/jcommon/1.0.24/jcommon-1.0.24.jar:/Users/dragosvrabie/.m2/repository/com/formdev/flatlaf/3.2.5/flatlaf-3.2.5.jar:/Users/dragosvrabie/.m2/repository/org/junit/jupiter/junit-jupiter/5.9.2/junit-jupiter-5.9.2.jar:/Users/dragosvrabie/.m2/repository/org/junit/jupiter/junit-jupiter-api/5.9.2/junit-jupiter-api-5.9.2.jar:/Users/dragosvrabie/.m2/repository/org/opentest4j/opentest4j/1.2.0/opentest4j-1.2.0.jar:/Users/dragosvrabie/.m2/repository/org/junit/platform/junit-platform-commons/1.9.2/junit-platform-commons-1.9.2.jar:/Users/dragosvrabie/.m2/repository/org/apiguardian/apiguardian-api/1.1.2/apiguardian-api-1.1.2.jar:/Users/dragosvrabie/.m2/repository/org/junit/jupiter/junit-jupiter-params/5.9.2/junit-jupiter-params-5.9.2.jar:/Users/dragosvrabie/.m2/repository/org/junit/jupiter/junit-jupiter-engine/5.9.2/junit-jupiter-engine-5.9.2.jar:/Users/dragosvrabie/.m2/repository/org/junit/platform/junit-platform-engine/1.9.2/junit-platform-engine-1.9.2.jar:"/>
    <property name="java.vm.vendor" value="Homebrew"/>
    <property name="sun.arch.data.model" value="64"/>
    <property name="java.vendor.url" value="https://github.com/Homebrew/homebrew-core/issues"/>
    <property name="os.name" value="Mac OS X"/>
    <property name="java.vm.specification.version" value="25"/>
    <property name="sun.java.launcher" value="SUN_STANDARD"/>
    <property name="user.country" value="GB"/>
    <property name="sun.boot.library.path" value="/opt/homebrew/Cellar/openjdk/25/libexec/openjdk.jdk/Contents/Home/lib"/>
    <property name="sun.java.command" value="/Users/dragosvrabie/InvestmentCalc/investment-calculator/target/surefire/surefirebooter-20251016003655269_3.jar /Users/dragosvrabie/InvestmentCalc/investment-calculator/target/surefire 2025-10-16T00-36-55_175-jvmRun1 surefire-20251016003655269_1tmp surefire_0-20251016003655269_2tmp"/>
    <property name="http.nonProxyHosts" value="local|*.local|169.254/16|*.169.254/16"/>
    <property name="jdk.debug" value="release"/>
    <property name="surefire.test.class.path" value="/Users/dragosvrabie/InvestmentCalc/investment-calculator/target/test-classes:/Users/dragosvrabie/InvestmentCalc/investment-calculator/target/classes:/Users/dragosvrabie/.m2/repository/org/jfree/jfreechart/1.5.3/jfreechart-1.5.3.jar:/Users/dragosvrabie/.m2/repository/org/jfree/jcommon/1.0.24/jcommon-1.0.24.jar:/Users/dragosvrabie/.m2/repository/com/formdev/flatlaf/3.2.5/flatlaf-3.2.5.jar:/Users/dragosvrabie/.m2/repository/org/junit/jupiter/junit-jupiter/5.9.2/junit-jupiter-5.9.2.jar:/Users/dragosvrabie/.m2/repository/org/junit/jupiter/junit-jupiter-api/5.9.2/junit-jupiter-api-5.9.2.jar:/Users/dragosvrabie/.m2/repository/org/opentest4j/opentest4j/1.2.0/opentest4j-1.2.0.jar:/Users/dragosvrabie/.m2/repository/org/junit/platform/junit-platform-commons/1.9.2/junit-platform-commons-1.9.2.jar:/Users/dragosvrabie/.m2/repository/org/apiguardian/apiguardian-api/1.1.2/apiguardian-api-1.1.2.jar:/Users/dragosvrabie/.m2/repository/org/junit/jupiter/junit-jupiter-params/5.9.2/junit-jupiter-params-5.9.2.jar:/Users/dragosvrabie/.m2/repository/org/junit/jupiter/junit-jupiter-engine/5.9.2/junit-jupiter-engine-5.9.2.jar:/Users/dragosvrabie/.m2/repository/org/junit/platform/junit-platform-engine/1.9.2/junit-platform-engine-1.9.2.jar:"/>
    <property name="sun.cpu.endian" value="little"/>
    <property name="user.home" value="/Users/dragosvrabie"/>
    <property name="user.language" value="en"/>
    <property name="java.specification.vendor" value="Oracle Corporation"/>
    <property name="java.version.date" value="2025-09-16"/>
    <property name="java.home" value="/opt/homebrew/Cellar/openjdk/25/libexec/openjdk.jdk/Contents/Home"/>
    <property name="file.separator" value="/"/>
    <property name="basedir" value="/Users/dragosvrabie/InvestmentCalc/investment-calculator"/>
    <property name="java.vm.compressedOopsMode" value="Zero based"/>
    <property name="line.separator" value="&#10;"/>
    <property name="java.vm.specification.vendor" value="Oracle Corporation"/>
    <property name="java.specification.name" value="Java Platform API Specification"/>
    <property name="apple.awt.application.name" value="ForkedBooter"/>
    <property name="surefire.real.class.path" value="/Users/dragosvrabie/InvestmentCalc/investment-calculator/target/surefire/surefirebooter-20251016003655269_3.jar"/>
    <property name="sun.management.compiler" value="HotSpot 64-Bit Tiered Compilers"/>
    <property name="ftp.nonProxyHosts" value="local|*.local|169.254/16|*.169.254/16"/>
    <property name="java.runtime.version" value="25"/>
    <property name="user.name" value="dragosvrabie"/>
    <property name="stdout.encoding" value="UTF-8"/>
    <property name="path.separator" value=":"/>
    <property name="os.version" value="15.6.1"/>
    <property name="java.runtime.name" value="OpenJDK Runtime Environment"/>
    <property name="file.encoding" value="UTF-8"/>
    <property name="java.vm.name" value="OpenJDK 64-Bit Server VM"/>
    <property name="java.vendor.version" value="Homebrew"/>
    <property name="localRepository" value="/Users/dragosvrabie/.m2/repository"/>
    <property name="java.vendor.url.bug" value="https://github.com/Homebrew/homebrew-core/issues"/>
    <property name="java.io.tmpdir" value="/var/folders/sb/46rd2_ns05s3tftjcwlhl21c0000gn/T/"/>
    <property name="java.version" value="25"/>
    <property name="user.dir" value="/Users/dragosvrabie/InvestmentCalc/investment-calculator"/>
    <property name="os.arch" value="aarch64"/>
    <property name="java.vm.specification.name" value="Java Virtual Machine Specification"/>
    <property name="native.encoding" value="UTF-8"/>
    <property name="java.library.path" value="/Users/dragosvrabie/Library/Java/Extensions:/Library/Java/Extensions:/Network/Library/Java/Extensions:/System/Library/Java/Extensions:/usr/lib/java:."/>
    <property name="java.vm.info" value="mixed mode, sharing"/>
    <property name="stderr.encoding" value="UTF-8"/>
    <property name="java.vendor" value="Homebrew"/>
    <property name="java.vm.version" value="25"/>
    <property name="stdin.encoding" value="UTF-8"/>
    <property name="sun.io.unicode.encoding" value="UnicodeBig"/>
    <property name="socksNonProxyHosts" value="local|*.local|169.254/16|*.169.254/16"/>
    <property name="java.class.version" value="69.0"/>
  </properties>
  <testcase name="testSimpleAnnualCompounding" classname="com.investmentcalc.FinalInvestmentEngineTest" time="0.022">
    <system-out><![CDATA[
=== Test: Simple Annual Compounding ===
Input: $1000 at 10% annually for 1 year(s)
Expected: $1100.00
Actual:   $1100.00
Result:   ✅ PASS
]]></system-out>
  </testcase>
  <testcase name="testNegativeContributions" classname="com.investmentcalc.FinalInvestmentEngineTest" time="0.001">
    <system-out><![CDATA[
=== Test: Negative Contributions (Withdrawals) ===
Input: $10000 starting, withdraw $1000, 10% annually for 1 year
Manual calculation: ($10000 - $1000) × 1.10 = $9900
Expected: $9900.00
Actual:   $9900.00
Result:   ✅ PASS
]]></system-out>
  </testcase>
  <testcase name="testWithContributions" classname="com.investmentcalc.FinalInvestmentEngineTest" time="0.001">
    <system-out><![CDATA[
=== Test: With Additional Contributions ===
Input: $1000 starting + $1000/year at 10% annually for 2 years
Manual calculation:
  Year 1: ($1000 + $1000) × 1.10 = $2200
  Year 2: ($2200 + $1000) × 1.10 = $3520
Expected: $3520.00
Actual:   $3520.00
Result:   ✅ PASS
]]></system-out>
  </testcase>
  <testcase name="testDailyVsMonthlyCompounding" classname="com.investmentcalc.FinalInvestmentEngineTest" time="0.002">
    <system-out><![CDATA[
=== Test: Daily vs Monthly Compounding ===
Input: $1000 at 12% for 1 year(s)
Monthly compounding: $1126.83
Daily compounding:   $1127.47
Difference: $0.64
Result: ✅ PASS (Daily should be higher)
]]></system-out>
  </testcase>
  <testcase name="testKnownCompoundInterestFormula" classname="com.investmentcalc.FinalInvestmentEngineTest" time="0.001">
    <system-out><![CDATA[
=== Test: Known Compound Interest Formula ===
Input: $5000 at 6% quarterly for 3 years
Formula: A = P(1 + r/n)^(nt)
A = 5000(1 + 0.06/4)^(4×3) = 5000(1.015)^12 ≈ $5978.09
Expected: ~$5978.09
Actual:   $5978.09
Difference: $0.00
Result: ✅ PASS (within $1.00 tolerance)
]]></system-out>
  </testcase>
  <testcase name="testMonthlyVsAnnualCompounding" classname="com.investmentcalc.FinalInvestmentEngineTest" time="0.001">
    <system-out><![CDATA[
=== Test: Monthly vs Annual Compounding ===
Input: $1000 at 12% for 1 year(s)
Annual compounding:  $1120.00
Monthly compounding: $1126.83
Difference: $6.83
Result: ✅ PASS (Monthly should be higher)
]]></system-out>
  </testcase>
</testsuite>